{"message":"Express server has started on port::::3000\n","timestamp":"2018-09-18T06:26:28.738Z","type":"out","process_id":0,"app_name":"mp-frontend"}
{"message":"Express server has started on port::::3000\n","timestamp":"2018-09-18T06:28:27.021Z","type":"out","process_id":0,"app_name":"front-static-platform"}
{"message":"::1 - - [18/Sep/2018:06:28:54 +0000] \"GET / HTTP/1.1\" 304 -\n","timestamp":"2018-09-18T06:28:54.473Z","type":"out","process_id":0,"app_name":"front-static-platform"}
{"message":"::1 - - [18/Sep/2018:06:28:57 +0000] \"GET / HTTP/1.1\" 304 -\n","timestamp":"2018-09-18T06:28:57.970Z","type":"out","process_id":0,"app_name":"front-static-platform"}
{"message":"::1 - - [18/Sep/2018:06:28:58 +0000] \"GET /favicon.ico HTTP/1.1\" 200 517\n","timestamp":"2018-09-18T06:28:58.027Z","type":"out","process_id":0,"app_name":"front-static-platform"}
{"message":"::1 - - [18/Sep/2018:06:28:58 +0000] \"GET / HTTP/1.1\" 304 -\n","timestamp":"2018-09-18T06:28:58.626Z","type":"out","process_id":0,"app_name":"front-static-platform"}
{"message":"::1 - - [18/Sep/2018:06:28:58 +0000] \"GET /favicon.ico HTTP/1.1\" 200 517\n","timestamp":"2018-09-18T06:28:58.664Z","type":"out","process_id":0,"app_name":"front-static-platform"}
{"message":"::1 - - [18/Sep/2018:06:28:59 +0000] \"GET / HTTP/1.1\" 304 -\n","timestamp":"2018-09-18T06:28:59.149Z","type":"out","process_id":0,"app_name":"front-static-platform"}
{"message":"::1 - - [18/Sep/2018:06:28:59 +0000] \"GET /favicon.ico HTTP/1.1\" 200 517\n","timestamp":"2018-09-18T06:28:59.190Z","type":"out","process_id":0,"app_name":"front-static-platform"}
{"message":"::1 - - [18/Sep/2018:06:28:59 +0000] \"GET / HTTP/1.1\" 304 -\n","timestamp":"2018-09-18T06:28:59.604Z","type":"out","process_id":0,"app_name":"front-static-platform"}
{"message":"::1 - - [18/Sep/2018:06:28:59 +0000] \"GET /favicon.ico HTTP/1.1\" 200 517\n","timestamp":"2018-09-18T06:28:59.651Z","type":"out","process_id":0,"app_name":"front-static-platform"}
{"message":"::1 - - [18/Sep/2018:06:29:00 +0000] \"GET / HTTP/1.1\" 304 -\n","timestamp":"2018-09-18T06:29:00.027Z","type":"out","process_id":0,"app_name":"front-static-platform"}
{"message":"::1 - - [18/Sep/2018:06:29:00 +0000] \"GET /favicon.ico HTTP/1.1\" 200 517\n","timestamp":"2018-09-18T06:29:00.071Z","type":"out","process_id":0,"app_name":"front-static-platform"}
{"message":"::1 - - [18/Sep/2018:06:29:00 +0000] \"GET / HTTP/1.1\" 304 -\n","timestamp":"2018-09-18T06:29:00.363Z","type":"out","process_id":0,"app_name":"front-static-platform"}
{"message":"::1 - - [18/Sep/2018:06:29:00 +0000] \"GET /favicon.ico HTTP/1.1\" 200 517\n","timestamp":"2018-09-18T06:29:00.403Z","type":"out","process_id":0,"app_name":"front-static-platform"}
{"message":"::1 - - [18/Sep/2018:06:29:00 +0000] \"GET / HTTP/1.1\" 304 -\n","timestamp":"2018-09-18T06:29:00.527Z","type":"out","process_id":0,"app_name":"front-static-platform"}
{"message":"::1 - - [18/Sep/2018:06:29:00 +0000] \"GET /favicon.ico HTTP/1.1\" 200 517\n","timestamp":"2018-09-18T06:29:00.566Z","type":"out","process_id":0,"app_name":"front-static-platform"}
{"message":"::1 - - [18/Sep/2018:06:29:00 +0000] \"GET / HTTP/1.1\" 304 -\n","timestamp":"2018-09-18T06:29:00.678Z","type":"out","process_id":0,"app_name":"front-static-platform"}
{"message":"::1 - - [18/Sep/2018:06:29:00 +0000] \"GET /favicon.ico HTTP/1.1\" 200 517\n","timestamp":"2018-09-18T06:29:00.713Z","type":"out","process_id":0,"app_name":"front-static-platform"}
{"message":"::1 - - [18/Sep/2018:06:29:00 +0000] \"GET / HTTP/1.1\" 304 -\n","timestamp":"2018-09-18T06:29:00.817Z","type":"out","process_id":0,"app_name":"front-static-platform"}
{"message":"::1 - - [18/Sep/2018:06:29:00 +0000] \"GET /favicon.ico HTTP/1.1\" 200 517\n","timestamp":"2018-09-18T06:29:00.854Z","type":"out","process_id":0,"app_name":"front-static-platform"}
{"message":"::1 - - [18/Sep/2018:06:29:00 +0000] \"GET / HTTP/1.1\" 304 -\n","timestamp":"2018-09-18T06:29:00.949Z","type":"out","process_id":0,"app_name":"front-static-platform"}
{"message":"::1 - - [18/Sep/2018:06:29:00 +0000] \"GET /favicon.ico HTTP/1.1\" 200 517\n","timestamp":"2018-09-18T06:29:00.995Z","type":"out","process_id":0,"app_name":"front-static-platform"}
{"message":"::1 - - [18/Sep/2018:06:29:01 +0000] \"GET / HTTP/1.1\" 304 -\n","timestamp":"2018-09-18T06:29:01.081Z","type":"out","process_id":0,"app_name":"front-static-platform"}
{"message":"::1 - - [18/Sep/2018:06:29:01 +0000] \"GET /favicon.ico HTTP/1.1\" 200 517\n","timestamp":"2018-09-18T06:29:01.117Z","type":"out","process_id":0,"app_name":"front-static-platform"}
{"message":"::1 - - [18/Sep/2018:06:29:01 +0000] \"GET / HTTP/1.1\" 304 -\n","timestamp":"2018-09-18T06:29:01.210Z","type":"out","process_id":0,"app_name":"front-static-platform"}
{"message":"::1 - - [18/Sep/2018:06:29:01 +0000] \"GET /favicon.ico HTTP/1.1\" 200 517\n","timestamp":"2018-09-18T06:29:01.245Z","type":"out","process_id":0,"app_name":"front-static-platform"}
{"message":"::1 - - [18/Sep/2018:06:29:01 +0000] \"GET / HTTP/1.1\" 304 -\n","timestamp":"2018-09-18T06:29:01.326Z","type":"out","process_id":0,"app_name":"front-static-platform"}
{"message":"::1 - - [18/Sep/2018:06:29:01 +0000] \"GET /favicon.ico HTTP/1.1\" 200 517\n","timestamp":"2018-09-18T06:29:01.359Z","type":"out","process_id":0,"app_name":"front-static-platform"}
{"message":"::1 - - [18/Sep/2018:06:29:01 +0000] \"GET / HTTP/1.1\" 304 -\n","timestamp":"2018-09-18T06:29:01.472Z","type":"out","process_id":0,"app_name":"front-static-platform"}
{"message":"::1 - - [18/Sep/2018:06:29:01 +0000] \"GET /favicon.ico HTTP/1.1\" 200 517\n","timestamp":"2018-09-18T06:29:01.513Z","type":"out","process_id":0,"app_name":"front-static-platform"}
{"message":"::1 - - [18/Sep/2018:06:29:01 +0000] \"GET / HTTP/1.1\" 304 -\n","timestamp":"2018-09-18T06:29:01.597Z","type":"out","process_id":0,"app_name":"front-static-platform"}
{"message":"::1 - - [18/Sep/2018:06:29:01 +0000] \"GET /favicon.ico HTTP/1.1\" 200 517\n","timestamp":"2018-09-18T06:29:01.633Z","type":"out","process_id":0,"app_name":"front-static-platform"}
{"message":"::1 - - [18/Sep/2018:06:29:01 +0000] \"GET / HTTP/1.1\" 304 -\n","timestamp":"2018-09-18T06:29:01.728Z","type":"out","process_id":0,"app_name":"front-static-platform"}
{"message":"::1 - - [18/Sep/2018:06:29:01 +0000] \"GET /favicon.ico HTTP/1.1\" 200 517\n","timestamp":"2018-09-18T06:29:01.774Z","type":"out","process_id":0,"app_name":"front-static-platform"}
{"message":"::1 - - [18/Sep/2018:06:30:03 +0000] \"GET / HTTP/1.1\" 304 -\n","timestamp":"2018-09-18T06:30:03.663Z","type":"out","process_id":0,"app_name":"front-static-platform"}
{"message":"::1 - - [18/Sep/2018:06:30:03 +0000] \"GET /favicon.ico HTTP/1.1\" 200 517\n","timestamp":"2018-09-18T06:30:03.716Z","type":"out","process_id":0,"app_name":"front-static-platform"}
{"message":"::1 - - [18/Sep/2018:06:30:11 +0000] \"GET / HTTP/1.1\" 200 517\n","timestamp":"2018-09-18T06:30:11.489Z","type":"out","process_id":0,"app_name":"front-static-platform"}
{"message":"::1 - - [18/Sep/2018:06:30:11 +0000] \"GET /favicon.ico HTTP/1.1\" 200 517\n","timestamp":"2018-09-18T06:30:11.596Z","type":"out","process_id":0,"app_name":"front-static-platform"}
{"message":"::1 - - [18/Sep/2018:06:30:12 +0000] \"GET / HTTP/1.1\" 304 -\n","timestamp":"2018-09-18T06:30:12.470Z","type":"out","process_id":0,"app_name":"front-static-platform"}
{"message":"::1 - - [18/Sep/2018:06:30:12 +0000] \"GET /favicon.ico HTTP/1.1\" 304 -\n","timestamp":"2018-09-18T06:30:12.559Z","type":"out","process_id":0,"app_name":"front-static-platform"}
{"message":"::1 - - [18/Sep/2018:06:30:13 +0000] \"GET / HTTP/1.1\" 304 -\n","timestamp":"2018-09-18T06:30:13.740Z","type":"out","process_id":0,"app_name":"front-static-platform"}
{"message":"::1 - - [18/Sep/2018:06:30:13 +0000] \"GET /favicon.ico HTTP/1.1\" 304 -\n","timestamp":"2018-09-18T06:30:13.827Z","type":"out","process_id":0,"app_name":"front-static-platform"}
{"message":"::1 - - [18/Sep/2018:06:30:14 +0000] \"GET / HTTP/1.1\" 304 -\n","timestamp":"2018-09-18T06:30:14.445Z","type":"out","process_id":0,"app_name":"front-static-platform"}
{"message":"::1 - - [18/Sep/2018:06:30:14 +0000] \"GET /favicon.ico HTTP/1.1\" 304 -\n","timestamp":"2018-09-18T06:30:14.532Z","type":"out","process_id":0,"app_name":"front-static-platform"}
{"message":"::1 - - [18/Sep/2018:06:36:15 +0000] \"GET / HTTP/1.1\" 304 -\n","timestamp":"2018-09-18T06:36:15.951Z","type":"out","process_id":0,"app_name":"front-static-platform"}
{"message":"::1 - - [18/Sep/2018:06:36:16 +0000] \"GET /favicon.ico HTTP/1.1\" 304 -\n","timestamp":"2018-09-18T06:36:16.039Z","type":"out","process_id":0,"app_name":"front-static-platform"}
{"message":"::1 - - [18/Sep/2018:06:37:15 +0000] \"GET / HTTP/1.1\" 200 517\n","timestamp":"2018-09-18T06:37:15.796Z","type":"out","process_id":0,"app_name":"front-static-platform"}
{"message":"::1 - - [18/Sep/2018:06:37:15 +0000] \"GET /favicon.ico HTTP/1.1\" 200 517\n","timestamp":"2018-09-18T06:37:15.891Z","type":"out","process_id":0,"app_name":"front-static-platform"}
{"message":"::1 - - [18/Sep/2018:06:37:16 +0000] \"GET / HTTP/1.1\" 304 -\n","timestamp":"2018-09-18T06:37:16.399Z","type":"out","process_id":0,"app_name":"front-static-platform"}
{"message":"::1 - - [18/Sep/2018:06:37:16 +0000] \"GET /favicon.ico HTTP/1.1\" 304 -\n","timestamp":"2018-09-18T06:37:16.491Z","type":"out","process_id":0,"app_name":"front-static-platform"}
{"message":"::1 - - [18/Sep/2018:06:37:16 +0000] \"GET / HTTP/1.1\" 304 -\n","timestamp":"2018-09-18T06:37:16.925Z","type":"out","process_id":0,"app_name":"front-static-platform"}
{"message":"::1 - - [18/Sep/2018:06:37:17 +0000] \"GET /favicon.ico HTTP/1.1\" 304 -\n","timestamp":"2018-09-18T06:37:17.014Z","type":"out","process_id":0,"app_name":"front-static-platform"}
{"message":"::1 - - [18/Sep/2018:06:37:17 +0000] \"GET / HTTP/1.1\" 304 -\n","timestamp":"2018-09-18T06:37:17.357Z","type":"out","process_id":0,"app_name":"front-static-platform"}
{"message":"::1 - - [18/Sep/2018:06:37:17 +0000] \"GET /favicon.ico HTTP/1.1\" 304 -\n","timestamp":"2018-09-18T06:37:17.451Z","type":"out","process_id":0,"app_name":"front-static-platform"}
{"message":"::1 - - [18/Sep/2018:06:37:17 +0000] \"GET / HTTP/1.1\" 304 -\n","timestamp":"2018-09-18T06:37:17.859Z","type":"out","process_id":0,"app_name":"front-static-platform"}
{"message":"::1 - - [18/Sep/2018:06:37:17 +0000] \"GET /favicon.ico HTTP/1.1\" 304 -\n","timestamp":"2018-09-18T06:37:17.946Z","type":"out","process_id":0,"app_name":"front-static-platform"}
{"message":"::1 - - [18/Sep/2018:06:37:18 +0000] \"GET / HTTP/1.1\" 304 -\n","timestamp":"2018-09-18T06:37:18.377Z","type":"out","process_id":0,"app_name":"front-static-platform"}
{"message":"::1 - - [18/Sep/2018:06:37:18 +0000] \"GET /favicon.ico HTTP/1.1\" 304 -\n","timestamp":"2018-09-18T06:37:18.470Z","type":"out","process_id":0,"app_name":"front-static-platform"}
{"message":"::1 - - [18/Sep/2018:06:37:32 +0000] \"GET / HTTP/1.1\" 304 -\n","timestamp":"2018-09-18T06:37:32.813Z","type":"out","process_id":0,"app_name":"front-static-platform"}
{"message":"::1 - - [18/Sep/2018:06:37:32 +0000] \"GET /favicon.ico HTTP/1.1\" 304 -\n","timestamp":"2018-09-18T06:37:32.903Z","type":"out","process_id":0,"app_name":"front-static-platform"}
{"message":"::1 - - [18/Sep/2018:06:37:33 +0000] \"GET / HTTP/1.1\" 304 -\n","timestamp":"2018-09-18T06:37:33.609Z","type":"out","process_id":0,"app_name":"front-static-platform"}
{"message":"::1 - - [18/Sep/2018:06:37:33 +0000] \"GET /favicon.ico HTTP/1.1\" 304 -\n","timestamp":"2018-09-18T06:37:33.713Z","type":"out","process_id":0,"app_name":"front-static-platform"}
{"message":"::1 - - [18/Sep/2018:06:37:34 +0000] \"GET / HTTP/1.1\" 304 -\n","timestamp":"2018-09-18T06:37:34.310Z","type":"out","process_id":0,"app_name":"front-static-platform"}
{"message":"::1 - - [18/Sep/2018:06:37:34 +0000] \"GET /favicon.ico HTTP/1.1\" 304 -\n","timestamp":"2018-09-18T06:37:34.401Z","type":"out","process_id":0,"app_name":"front-static-platform"}
{"message":"::1 - - [18/Sep/2018:06:37:34 +0000] \"GET / HTTP/1.1\" 304 -\n","timestamp":"2018-09-18T06:37:34.951Z","type":"out","process_id":0,"app_name":"front-static-platform"}
{"message":"::1 - - [18/Sep/2018:06:37:35 +0000] \"GET /favicon.ico HTTP/1.1\" 304 -\n","timestamp":"2018-09-18T06:37:35.043Z","type":"out","process_id":0,"app_name":"front-static-platform"}
{"message":"::1 - - [18/Sep/2018:06:37:35 +0000] \"GET / HTTP/1.1\" 304 -\n","timestamp":"2018-09-18T06:37:35.510Z","type":"out","process_id":0,"app_name":"front-static-platform"}
{"message":"::1 - - [18/Sep/2018:06:37:35 +0000] \"GET /favicon.ico HTTP/1.1\" 304 -\n","timestamp":"2018-09-18T06:37:35.600Z","type":"out","process_id":0,"app_name":"front-static-platform"}
{"message":"::1 - - [18/Sep/2018:06:37:35 +0000] \"GET / HTTP/1.1\" 304 -\n","timestamp":"2018-09-18T06:37:35.854Z","type":"out","process_id":0,"app_name":"front-static-platform"}
{"message":"::1 - - [18/Sep/2018:06:37:35 +0000] \"GET /favicon.ico HTTP/1.1\" 304 -\n","timestamp":"2018-09-18T06:37:35.946Z","type":"out","process_id":0,"app_name":"front-static-platform"}
{"message":"::1 - - [18/Sep/2018:06:37:36 +0000] \"GET / HTTP/1.1\" 304 -\n","timestamp":"2018-09-18T06:37:36.040Z","type":"out","process_id":0,"app_name":"front-static-platform"}
{"message":"::1 - - [18/Sep/2018:06:37:36 +0000] \"GET /favicon.ico HTTP/1.1\" 304 -\n","timestamp":"2018-09-18T06:37:36.138Z","type":"out","process_id":0,"app_name":"front-static-platform"}
{"message":"::1 - - [18/Sep/2018:06:37:36 +0000] \"GET / HTTP/1.1\" 304 -\n","timestamp":"2018-09-18T06:37:36.280Z","type":"out","process_id":0,"app_name":"front-static-platform"}
{"message":"::1 - - [18/Sep/2018:06:37:36 +0000] \"GET /favicon.ico HTTP/1.1\" 304 -\n","timestamp":"2018-09-18T06:37:36.370Z","type":"out","process_id":0,"app_name":"front-static-platform"}
{"message":"::1 - - [18/Sep/2018:06:37:36 +0000] \"GET / HTTP/1.1\" 304 -\n","timestamp":"2018-09-18T06:37:36.921Z","type":"out","process_id":0,"app_name":"front-static-platform"}
{"message":"::1 - - [18/Sep/2018:06:37:37 +0000] \"GET /favicon.ico HTTP/1.1\" 304 -\n","timestamp":"2018-09-18T06:37:37.034Z","type":"out","process_id":0,"app_name":"front-static-platform"}
{"message":"::1 - - [18/Sep/2018:06:37:37 +0000] \"GET / HTTP/1.1\" 304 -\n","timestamp":"2018-09-18T06:37:37.508Z","type":"out","process_id":0,"app_name":"front-static-platform"}
{"message":"::1 - - [18/Sep/2018:06:37:37 +0000] \"GET /favicon.ico HTTP/1.1\" 304 -\n","timestamp":"2018-09-18T06:37:37.597Z","type":"out","process_id":0,"app_name":"front-static-platform"}
{"message":"::1 - - [18/Sep/2018:06:37:38 +0000] \"GET / HTTP/1.1\" 304 -\n","timestamp":"2018-09-18T06:37:38.159Z","type":"out","process_id":0,"app_name":"front-static-platform"}
{"message":"::1 - - [18/Sep/2018:06:37:38 +0000] \"GET /favicon.ico HTTP/1.1\" 304 -\n","timestamp":"2018-09-18T06:37:38.252Z","type":"out","process_id":0,"app_name":"front-static-platform"}
{"message":"::1 - - [18/Sep/2018:06:37:38 +0000] \"GET / HTTP/1.1\" 304 -\n","timestamp":"2018-09-18T06:37:38.700Z","type":"out","process_id":0,"app_name":"front-static-platform"}
{"message":"::1 - - [18/Sep/2018:06:37:38 +0000] \"GET /favicon.ico HTTP/1.1\" 304 -\n","timestamp":"2018-09-18T06:37:38.785Z","type":"out","process_id":0,"app_name":"front-static-platform"}
{"message":"::1 - - [18/Sep/2018:06:37:39 +0000] \"GET / HTTP/1.1\" 304 -\n","timestamp":"2018-09-18T06:37:39.207Z","type":"out","process_id":0,"app_name":"front-static-platform"}
{"message":"::1 - - [18/Sep/2018:06:37:39 +0000] \"GET /favicon.ico HTTP/1.1\" 304 -\n","timestamp":"2018-09-18T06:37:39.303Z","type":"out","process_id":0,"app_name":"front-static-platform"}
{"message":"::1 - - [18/Sep/2018:06:37:39 +0000] \"GET / HTTP/1.1\" 304 -\n","timestamp":"2018-09-18T06:37:39.712Z","type":"out","process_id":0,"app_name":"front-static-platform"}
{"message":"::1 - - [18/Sep/2018:06:37:39 +0000] \"GET /favicon.ico HTTP/1.1\" 304 -\n","timestamp":"2018-09-18T06:37:39.799Z","type":"out","process_id":0,"app_name":"front-static-platform"}
{"message":"::1 - - [18/Sep/2018:06:37:40 +0000] \"GET / HTTP/1.1\" 304 -\n","timestamp":"2018-09-18T06:37:40.225Z","type":"out","process_id":0,"app_name":"front-static-platform"}
{"message":"::1 - - [18/Sep/2018:06:37:40 +0000] \"GET /favicon.ico HTTP/1.1\" 304 -\n","timestamp":"2018-09-18T06:37:40.316Z","type":"out","process_id":0,"app_name":"front-static-platform"}
{"message":"::1 - - [18/Sep/2018:06:37:40 +0000] \"GET / HTTP/1.1\" 304 -\n","timestamp":"2018-09-18T06:37:40.844Z","type":"out","process_id":0,"app_name":"front-static-platform"}
{"message":"::1 - - [18/Sep/2018:06:37:40 +0000] \"GET /favicon.ico HTTP/1.1\" 304 -\n","timestamp":"2018-09-18T06:37:40.935Z","type":"out","process_id":0,"app_name":"front-static-platform"}
{"message":"::1 - - [18/Sep/2018:06:37:41 +0000] \"GET / HTTP/1.1\" 304 -\n","timestamp":"2018-09-18T06:37:41.350Z","type":"out","process_id":0,"app_name":"front-static-platform"}
{"message":"::1 - - [18/Sep/2018:06:37:41 +0000] \"GET /favicon.ico HTTP/1.1\" 304 -\n","timestamp":"2018-09-18T06:37:41.440Z","type":"out","process_id":0,"app_name":"front-static-platform"}
{"message":"::1 - - [18/Sep/2018:06:37:41 +0000] \"GET / HTTP/1.1\" 304 -\n","timestamp":"2018-09-18T06:37:41.948Z","type":"out","process_id":0,"app_name":"front-static-platform"}
{"message":"::1 - - [18/Sep/2018:06:37:42 +0000] \"GET /favicon.ico HTTP/1.1\" 304 -\n","timestamp":"2018-09-18T06:37:42.033Z","type":"out","process_id":0,"app_name":"front-static-platform"}
{"message":"::1 - - [18/Sep/2018:06:37:42 +0000] \"GET / HTTP/1.1\" 304 -\n","timestamp":"2018-09-18T06:37:42.527Z","type":"out","process_id":0,"app_name":"front-static-platform"}
{"message":"::1 - - [18/Sep/2018:06:37:42 +0000] \"GET /favicon.ico HTTP/1.1\" 304 -\n","timestamp":"2018-09-18T06:37:42.610Z","type":"out","process_id":0,"app_name":"front-static-platform"}
{"message":"::1 - - [18/Sep/2018:06:37:43 +0000] \"GET / HTTP/1.1\" 304 -\n","timestamp":"2018-09-18T06:37:43.041Z","type":"out","process_id":0,"app_name":"front-static-platform"}
{"message":"::1 - - [18/Sep/2018:06:37:43 +0000] \"GET /favicon.ico HTTP/1.1\" 304 -\n","timestamp":"2018-09-18T06:37:43.124Z","type":"out","process_id":0,"app_name":"front-static-platform"}
{"message":"::1 - - [18/Sep/2018:06:37:43 +0000] \"GET / HTTP/1.1\" 304 -\n","timestamp":"2018-09-18T06:37:43.591Z","type":"out","process_id":0,"app_name":"front-static-platform"}
{"message":"::1 - - [18/Sep/2018:06:37:43 +0000] \"GET /favicon.ico HTTP/1.1\" 304 -\n","timestamp":"2018-09-18T06:37:43.691Z","type":"out","process_id":0,"app_name":"front-static-platform"}
{"message":"::1 - - [18/Sep/2018:06:37:44 +0000] \"GET / HTTP/1.1\" 304 -\n","timestamp":"2018-09-18T06:37:44.084Z","type":"out","process_id":0,"app_name":"front-static-platform"}
{"message":"::1 - - [18/Sep/2018:06:37:44 +0000] \"GET /favicon.ico HTTP/1.1\" 304 -\n","timestamp":"2018-09-18T06:37:44.204Z","type":"out","process_id":0,"app_name":"front-static-platform"}
{"message":"::1 - - [18/Sep/2018:06:37:44 +0000] \"GET / HTTP/1.1\" 304 -\n","timestamp":"2018-09-18T06:37:44.582Z","type":"out","process_id":0,"app_name":"front-static-platform"}
{"message":"::1 - - [18/Sep/2018:06:37:44 +0000] \"GET /favicon.ico HTTP/1.1\" 304 -\n","timestamp":"2018-09-18T06:37:44.667Z","type":"out","process_id":0,"app_name":"front-static-platform"}
{"message":"::1 - - [18/Sep/2018:06:37:45 +0000] \"GET / HTTP/1.1\" 304 -\n","timestamp":"2018-09-18T06:37:45.077Z","type":"out","process_id":0,"app_name":"front-static-platform"}
{"message":"::1 - - [18/Sep/2018:06:37:45 +0000] \"GET /favicon.ico HTTP/1.1\" 304 -\n","timestamp":"2018-09-18T06:37:45.170Z","type":"out","process_id":0,"app_name":"front-static-platform"}
{"message":"::1 - - [18/Sep/2018:06:37:45 +0000] \"GET / HTTP/1.1\" 304 -\n","timestamp":"2018-09-18T06:37:45.593Z","type":"out","process_id":0,"app_name":"front-static-platform"}
{"message":"::1 - - [18/Sep/2018:06:37:45 +0000] \"GET /favicon.ico HTTP/1.1\" 304 -\n","timestamp":"2018-09-18T06:37:45.704Z","type":"out","process_id":0,"app_name":"front-static-platform"}
{"message":"::1 - - [18/Sep/2018:06:37:46 +0000] \"GET / HTTP/1.1\" 304 -\n","timestamp":"2018-09-18T06:37:46.074Z","type":"out","process_id":0,"app_name":"front-static-platform"}
{"message":"::1 - - [18/Sep/2018:06:37:46 +0000] \"GET /favicon.ico HTTP/1.1\" 304 -\n","timestamp":"2018-09-18T06:37:46.160Z","type":"out","process_id":0,"app_name":"front-static-platform"}
{"message":"::1 - - [18/Sep/2018:06:37:46 +0000] \"GET / HTTP/1.1\" 304 -\n","timestamp":"2018-09-18T06:37:46.555Z","type":"out","process_id":0,"app_name":"front-static-platform"}
{"message":"::1 - - [18/Sep/2018:06:37:46 +0000] \"GET /favicon.ico HTTP/1.1\" 304 -\n","timestamp":"2018-09-18T06:37:46.643Z","type":"out","process_id":0,"app_name":"front-static-platform"}
{"message":"::1 - - [18/Sep/2018:06:37:47 +0000] \"GET / HTTP/1.1\" 304 -\n","timestamp":"2018-09-18T06:37:47.057Z","type":"out","process_id":0,"app_name":"front-static-platform"}
{"message":"::1 - - [18/Sep/2018:06:37:47 +0000] \"GET /favicon.ico HTTP/1.1\" 304 -\n","timestamp":"2018-09-18T06:37:47.149Z","type":"out","process_id":0,"app_name":"front-static-platform"}
{"message":"::1 - - [18/Sep/2018:06:37:47 +0000] \"GET / HTTP/1.1\" 304 -\n","timestamp":"2018-09-18T06:37:47.545Z","type":"out","process_id":0,"app_name":"front-static-platform"}
{"message":"::1 - - [18/Sep/2018:06:37:47 +0000] \"GET /favicon.ico HTTP/1.1\" 304 -\n","timestamp":"2018-09-18T06:37:47.628Z","type":"out","process_id":0,"app_name":"front-static-platform"}
{"message":"::1 - - [18/Sep/2018:06:37:48 +0000] \"GET / HTTP/1.1\" 304 -\n","timestamp":"2018-09-18T06:37:48.048Z","type":"out","process_id":0,"app_name":"front-static-platform"}
{"message":"::1 - - [18/Sep/2018:06:37:48 +0000] \"GET /favicon.ico HTTP/1.1\" 304 -\n","timestamp":"2018-09-18T06:37:48.131Z","type":"out","process_id":0,"app_name":"front-static-platform"}
{"message":"::1 - - [18/Sep/2018:06:37:48 +0000] \"GET / HTTP/1.1\" 304 -\n","timestamp":"2018-09-18T06:37:48.558Z","type":"out","process_id":0,"app_name":"front-static-platform"}
{"message":"::1 - - [18/Sep/2018:06:37:48 +0000] \"GET /favicon.ico HTTP/1.1\" 304 -\n","timestamp":"2018-09-18T06:37:48.641Z","type":"out","process_id":0,"app_name":"front-static-platform"}
{"message":"::1 - - [18/Sep/2018:06:37:49 +0000] \"GET / HTTP/1.1\" 304 -\n","timestamp":"2018-09-18T06:37:49.072Z","type":"out","process_id":0,"app_name":"front-static-platform"}
{"message":"::1 - - [18/Sep/2018:06:37:49 +0000] \"GET /favicon.ico HTTP/1.1\" 304 -\n","timestamp":"2018-09-18T06:37:49.163Z","type":"out","process_id":0,"app_name":"front-static-platform"}
{"message":"::1 - - [18/Sep/2018:06:37:49 +0000] \"GET / HTTP/1.1\" 304 -\n","timestamp":"2018-09-18T06:37:49.568Z","type":"out","process_id":0,"app_name":"front-static-platform"}
{"message":"::1 - - [18/Sep/2018:06:37:49 +0000] \"GET /favicon.ico HTTP/1.1\" 304 -\n","timestamp":"2018-09-18T06:37:49.655Z","type":"out","process_id":0,"app_name":"front-static-platform"}
{"message":"::1 - - [18/Sep/2018:06:37:50 +0000] \"GET / HTTP/1.1\" 304 -\n","timestamp":"2018-09-18T06:37:50.115Z","type":"out","process_id":0,"app_name":"front-static-platform"}
{"message":"::1 - - [18/Sep/2018:06:37:50 +0000] \"GET /favicon.ico HTTP/1.1\" 304 -\n","timestamp":"2018-09-18T06:37:50.199Z","type":"out","process_id":0,"app_name":"front-static-platform"}
{"message":"::1 - - [18/Sep/2018:06:37:53 +0000] \"GET / HTTP/1.1\" 200 517\n","timestamp":"2018-09-18T06:37:53.032Z","type":"out","process_id":0,"app_name":"front-static-platform"}
{"message":"::1 - - [18/Sep/2018:06:37:53 +0000] \"GET /favicon.ico HTTP/1.1\" 200 517\n","timestamp":"2018-09-18T06:37:53.129Z","type":"out","process_id":0,"app_name":"front-static-platform"}
